<?xml version="1.0" encoding="UTF-8"?>
<!-- Generated by org.testng.reporters.JUnitXMLReporter -->
<testsuite ignored="0" hostname="DESKTOP-70TT9AU" failures="0" tests="3" name="Default test" time="91.745" errors="0" timestamp="2025-02-24T15:39:36 IST">
  <testcase classname="IncubyteWebAutomation.Tests.ErrorValidation" name="ErrorValidationForInvalidEmail" time="3.461"/>
  <testcase classname="IncubyteWebAutomation.Tests.ErrorValidation" name="ErrorValidationForInvalidPassword" time="4.705"/>
  <testcase classname="IncubyteWebAutomation.Tests.ErrorValidation" name="PasswordNotSame" time="1.737"/>
</testsuite> <!-- Default test -->
