<?xml version="1.0" encoding="UTF-8"?>
<!-- Generated by org.testng.reporters.JUnitXMLReporter -->
<testsuite ignored="0" hostname="DESKTOP-70TT9AU" failures="0" tests="3" name="Error Validation Test" time="191.179" errors="0" timestamp="2025-02-26T12:23:49 IST">
  <testcase classname="IncubyteWebAutomation.Tests.ErrorValidation" name="ErrorValidationForInvalidEmail" time="5.587"/>
  <testcase classname="IncubyteWebAutomation.Tests.ErrorValidation" name="ErrorValidationForInvalidPassword" time="7.659"/>
  <testcase classname="IncubyteWebAutomation.Tests.ErrorValidation" name="PasswordNotSame" time="3.753"/>
</testsuite> <!-- Error Validation Test -->
