<?xml version="1.0" encoding="UTF-8"?>
<!-- Generated by org.testng.reporters.JUnitXMLReporter -->
<testsuite ignored="0" hostname="DESKTOP-70TT9AU" failures="0" tests="3" name="Error Validation Test" time="171.611" errors="0" timestamp="2025-02-25T14:53:14 IST">
  <testcase classname="IncubyteWebAutomation.Tests.ErrorValidation" name="ErrorValidationForInvalidEmail" time="8.13"/>
  <testcase classname="IncubyteWebAutomation.Tests.ErrorValidation" name="ErrorValidationForInvalidPassword" time="4.81"/>
  <testcase classname="IncubyteWebAutomation.Tests.ErrorValidation" name="PasswordNotSame" time="2.286"/>
</testsuite> <!-- Error Validation Test -->
