<?xml version="1.0" encoding="UTF-8"?>
<testng-results ignored="0" total="6" passed="6" failed="0" skipped="0">
  <reporter-output>
  </reporter-output>
  <suite started-at="2025-03-03T00:17:10 IST" name="Suite" finished-at="2025-03-03T00:18:10 IST" duration-ms="59496">
    <groups>
      <group name="MultipleUserCheck">
        <method signature="SelectSignIn.test1(java.lang.String,java.lang.String)[pri:0, instance:IncubyteWebAutomation.Tests.SelectSignIn@1c9b0314]" name="test1" class="IncubyteWebAutomation.Tests.SelectSignIn"/>
      </group> <!-- MultipleUserCheck -->
      <group name="ErrorHandling">
        <method signature="ErrorValidation.ErrorValidationForInvalidEmail()[pri:0, instance:IncubyteWebAutomation.Tests.ErrorValidation@747f281]" name="ErrorValidationForInvalidEmail" class="IncubyteWebAutomation.Tests.ErrorValidation"/>
        <method signature="ErrorValidation.ErrorValidationForInvalidPassword()[pri:0, instance:IncubyteWebAutomation.Tests.ErrorValidation@747f281]" name="ErrorValidationForInvalidPassword" class="IncubyteWebAutomation.Tests.ErrorValidation"/>
        <method signature="ErrorValidation.PasswordNotSame()[pri:0, instance:IncubyteWebAutomation.Tests.ErrorValidation@747f281]" name="PasswordNotSame" class="IncubyteWebAutomation.Tests.ErrorValidation"/>
      </group> <!-- ErrorHandling -->
    </groups>
    <test started-at="2025-03-03T00:17:10 IST" name="Create Account Test" finished-at="2025-03-03T00:17:21 IST" duration-ms="10419">
      <class name="IncubyteWebAutomation.Tests.SelectCreateAccount">
        <test-method is-config="true" signature="launchApplication()[pri:0, instance:IncubyteWebAutomation.Tests.SelectCreateAccount@1cf56a1c]" started-at="2025-03-03T00:17:10 IST" name="launchApplication" finished-at="2025-03-03T00:17:19 IST" duration-ms="8250" status="PASS">
          <reporter-output>
          </reporter-output>
        </test-method> <!-- launchApplication -->
        <test-method signature="test1()[pri:0, instance:IncubyteWebAutomation.Tests.SelectCreateAccount@1cf56a1c]" started-at="2025-03-03T00:17:19 IST" name="test1" finished-at="2025-03-03T00:17:21 IST" duration-ms="1954" status="PASS">
          <reporter-output>
          </reporter-output>
        </test-method> <!-- test1 -->
        <test-method is-config="true" signature="teardown()[pri:0, instance:IncubyteWebAutomation.Tests.SelectCreateAccount@1cf56a1c]" started-at="2025-03-03T00:17:21 IST" name="teardown" finished-at="2025-03-03T00:17:21 IST" duration-ms="174" status="PASS">
          <reporter-output>
          </reporter-output>
        </test-method> <!-- teardown -->
      </class> <!-- IncubyteWebAutomation.Tests.SelectCreateAccount -->
    </test> <!-- Create Account Test -->
    <test started-at="2025-03-03T00:17:10 IST" name="Sign In Test" finished-at="2025-03-03T00:17:35 IST" duration-ms="24912">
      <class name="IncubyteWebAutomation.Tests.SelectSignIn">
        <test-method is-config="true" signature="launchApplication()[pri:0, instance:IncubyteWebAutomation.Tests.SelectSignIn@1c9b0314]" started-at="2025-03-03T00:17:10 IST" name="launchApplication" finished-at="2025-03-03T00:17:22 IST" duration-ms="11158" status="PASS">
          <reporter-output>
          </reporter-output>
        </test-method> <!-- launchApplication -->
        <test-method signature="test1(java.lang.String,java.lang.String)[pri:0, instance:IncubyteWebAutomation.Tests.SelectSignIn@1c9b0314]" started-at="2025-03-03T00:17:22 IST" name="test1" data-provider="getData" finished-at="2025-03-03T00:17:25 IST" duration-ms="3556" status="PASS">
          <params>
            <param index="0">
              <value>
                <![CDATA[kittu.kolhatkar@gmail.com]]>
              </value>
            </param>
            <param index="1">
              <value>
                <![CDATA[Windows@123]]>
              </value>
            </param>
          </params>
          <reporter-output>
          </reporter-output>
        </test-method> <!-- test1 -->
        <test-method is-config="true" signature="teardown()[pri:0, instance:IncubyteWebAutomation.Tests.SelectSignIn@1c9b0314]" started-at="2025-03-03T00:17:25 IST" name="teardown" finished-at="2025-03-03T00:17:25 IST" duration-ms="113" status="PASS">
          <reporter-output>
          </reporter-output>
        </test-method> <!-- teardown -->
        <test-method is-config="true" signature="launchApplication()[pri:0, instance:IncubyteWebAutomation.Tests.SelectSignIn@1c9b0314]" started-at="2025-03-03T00:17:25 IST" name="launchApplication" finished-at="2025-03-03T00:17:32 IST" duration-ms="6935" status="PASS">
          <reporter-output>
          </reporter-output>
        </test-method> <!-- launchApplication -->
        <test-method signature="test1(java.lang.String,java.lang.String)[pri:0, instance:IncubyteWebAutomation.Tests.SelectSignIn@1c9b0314]" started-at="2025-03-03T00:17:32 IST" name="test1" data-provider="getData" finished-at="2025-03-03T00:17:35 IST" duration-ms="3027" status="PASS">
          <params>
            <param index="0">
              <value>
                <![CDATA[abc.xyz@gmail.com]]>
              </value>
            </param>
            <param index="1">
              <value>
                <![CDATA[pwd]]>
              </value>
            </param>
          </params>
          <reporter-output>
          </reporter-output>
        </test-method> <!-- test1 -->
        <test-method is-config="true" signature="teardown()[pri:0, instance:IncubyteWebAutomation.Tests.SelectSignIn@1c9b0314]" started-at="2025-03-03T00:17:35 IST" name="teardown" finished-at="2025-03-03T00:17:35 IST" duration-ms="85" status="PASS">
          <reporter-output>
          </reporter-output>
        </test-method> <!-- teardown -->
      </class> <!-- IncubyteWebAutomation.Tests.SelectSignIn -->
    </test> <!-- Sign In Test -->
    <test started-at="2025-03-03T00:17:10 IST" name="Error Validation Test" finished-at="2025-03-03T00:18:10 IST" duration-ms="59496">
      <class name="IncubyteWebAutomation.Tests.ErrorValidation">
        <test-method is-config="true" signature="launchApplication()[pri:0, instance:IncubyteWebAutomation.Tests.ErrorValidation@747f281]" started-at="2025-03-03T00:17:10 IST" name="launchApplication" finished-at="2025-03-03T00:17:23 IST" duration-ms="12328" status="PASS">
          <reporter-output>
          </reporter-output>
        </test-method> <!-- launchApplication -->
        <test-method signature="ErrorValidationForInvalidEmail()[pri:0, instance:IncubyteWebAutomation.Tests.ErrorValidation@747f281]" started-at="2025-03-03T00:17:23 IST" name="ErrorValidationForInvalidEmail" finished-at="2025-03-03T00:17:26 IST" duration-ms="2962" status="PASS">
          <reporter-output>
          </reporter-output>
        </test-method> <!-- ErrorValidationForInvalidEmail -->
        <test-method is-config="true" signature="teardown()[pri:0, instance:IncubyteWebAutomation.Tests.ErrorValidation@747f281]" started-at="2025-03-03T00:17:26 IST" name="teardown" finished-at="2025-03-03T00:17:26 IST" duration-ms="145" status="PASS">
          <reporter-output>
          </reporter-output>
        </test-method> <!-- teardown -->
        <test-method is-config="true" signature="launchApplication()[pri:0, instance:IncubyteWebAutomation.Tests.ErrorValidation@747f281]" started-at="2025-03-03T00:17:26 IST" name="launchApplication" finished-at="2025-03-03T00:18:00 IST" duration-ms="34573" status="PASS">
          <reporter-output>
          </reporter-output>
        </test-method> <!-- launchApplication -->
        <test-method signature="ErrorValidationForInvalidPassword()[pri:0, instance:IncubyteWebAutomation.Tests.ErrorValidation@747f281]" started-at="2025-03-03T00:18:00 IST" name="ErrorValidationForInvalidPassword" finished-at="2025-03-03T00:18:03 IST" duration-ms="2989" status="PASS">
          <reporter-output>
          </reporter-output>
        </test-method> <!-- ErrorValidationForInvalidPassword -->
        <test-method is-config="true" signature="teardown()[pri:0, instance:IncubyteWebAutomation.Tests.ErrorValidation@747f281]" started-at="2025-03-03T00:18:03 IST" name="teardown" finished-at="2025-03-03T00:18:04 IST" duration-ms="111" status="PASS">
          <reporter-output>
          </reporter-output>
        </test-method> <!-- teardown -->
        <test-method is-config="true" signature="launchApplication()[pri:0, instance:IncubyteWebAutomation.Tests.ErrorValidation@747f281]" started-at="2025-03-03T00:18:04 IST" name="launchApplication" finished-at="2025-03-03T00:18:08 IST" duration-ms="4302" status="PASS">
          <reporter-output>
          </reporter-output>
        </test-method> <!-- launchApplication -->
        <test-method signature="PasswordNotSame()[pri:0, instance:IncubyteWebAutomation.Tests.ErrorValidation@747f281]" started-at="2025-03-03T00:18:08 IST" name="PasswordNotSame" finished-at="2025-03-03T00:18:10 IST" duration-ms="1948" status="PASS">
          <reporter-output>
          </reporter-output>
        </test-method> <!-- PasswordNotSame -->
        <test-method is-config="true" signature="teardown()[pri:0, instance:IncubyteWebAutomation.Tests.ErrorValidation@747f281]" started-at="2025-03-03T00:18:10 IST" name="teardown" finished-at="2025-03-03T00:18:10 IST" duration-ms="97" status="PASS">
          <reporter-output>
          </reporter-output>
        </test-method> <!-- teardown -->
      </class> <!-- IncubyteWebAutomation.Tests.ErrorValidation -->
    </test> <!-- Error Validation Test -->
  </suite> <!-- Suite -->
</testng-results>
